Mon Oct 06 13:48:32 CEST 2014 : Apache Derby Network Server - 10.8.2.2 - (1181258) started and ready to accept connections on port 1527
----------------------------------------------------------------
Mon Oct 06 13:48:33 CEST 2014:
Booting Derby version The Apache Software Foundation - Apache Derby - 10.8.2.2 - (1181258): instance a816c00e-0148-e54a-1c6d-fffff764ff7f 
on database directory C:\Users\Patricia\Documents\SKOLA\WAPP\codedark\codedark  with class loader sun.misc.Launcher$AppClassLoader@21353d27 
Loaded from file:/C:/Program%20Files/Java/jdk1.7.0_25/db/lib/derby.jar
java.vendor=Oracle Corporation
java.runtime.version=1.7.0_25-b17
user.dir=C:\Program Files\Java\jdk1.7.0_25\db
derby.system.home=C:\Users\Patricia\Documents\SKOLA\WAPP\codedark
Database Class Loader started - derby.database.classpath=''
----------------------------------------------------------------
Mon Oct 06 13:48:43 CEST 2014:
Shutting down instance a816c00e-0148-e54a-1c6d-fffff764ff7f on database directory C:\Users\Patricia\Documents\SKOLA\WAPP\codedark\codedark with class loader sun.misc.Launcher$AppClassLoader@21353d27 
Mon Oct 06 13:48:44 CEST 2014 Thread[DRDAConnThread_4,5,main] (DATABASE = codedark), (DRDAID = {2}), Database 'codedark' shutdown.
----------------------------------------------------------------
Mon Oct 06 13:49:48 CEST 2014:
Booting Derby version The Apache Software Foundation - Apache Derby - 10.8.2.2 - (1181258): instance 6c44409f-0148-e54a-1c6d-fffff764ff7f 
on database directory C:\Users\Patricia\Documents\SKOLA\WAPP\codedark\codedark  with class loader sun.misc.Launcher$AppClassLoader@21353d27 
Loaded from file:/C:/Program%20Files/Java/jdk1.7.0_25/db/lib/derby.jar
java.vendor=Oracle Corporation
java.runtime.version=1.7.0_25-b17
user.dir=C:\Program Files\Java\jdk1.7.0_25\db
derby.system.home=C:\Users\Patricia\Documents\SKOLA\WAPP\codedark
Database Class Loader started - derby.database.classpath=''
